c:\files\university\technologies\8503-release-2021\csc8503\csc8503common\x64\debug\csc8503common.pdb
c:\files\university\technologies\8503-release-2021\csc8503\csc8503common\x64\debug\csc8503common.idb
c:\files\university\technologies\8503-release-2021\csc8503\csc8503common\x64\debug\transform.obj
c:\files\university\technologies\8503-release-2021\csc8503\csc8503common\x64\debug\statetransition.obj
c:\files\university\technologies\8503-release-2021\csc8503\csc8503common\x64\debug\statemachine.obj
c:\files\university\technologies\8503-release-2021\csc8503\csc8503common\x64\debug\renderobject.obj
c:\files\university\technologies\8503-release-2021\csc8503\csc8503common\x64\debug\quadtree.obj
c:\files\university\technologies\8503-release-2021\csc8503\csc8503common\x64\debug\pushdownstate.obj
c:\files\university\technologies\8503-release-2021\csc8503\csc8503common\x64\debug\pushdownmachine.obj
c:\files\university\technologies\8503-release-2021\csc8503\csc8503common\x64\debug\physicssystem.obj
c:\files\university\technologies\8503-release-2021\csc8503\csc8503common\x64\debug\physicsobject.obj
c:\files\university\technologies\8503-release-2021\csc8503\csc8503common\x64\debug\navigationmesh.obj
c:\files\university\technologies\8503-release-2021\csc8503\csc8503common\x64\debug\navigationgrid.obj
c:\files\university\technologies\8503-release-2021\csc8503\csc8503common\x64\debug\gameworld.obj
c:\files\university\technologies\8503-release-2021\csc8503\csc8503common\x64\debug\gameobject.obj
c:\files\university\technologies\8503-release-2021\csc8503\csc8503common\x64\debug\debug.obj
c:\files\university\technologies\8503-release-2021\csc8503\csc8503common\x64\debug\collisiondetection.obj
c:\files\university\technologies\8503-release-2021\csc8503\csc8503common\x64\debug\positionconstraint.obj
c:\files\university\technologies\8503-release-2021\x64\debug\csc8503common.lib
c:\files\university\technologies\8503-release-2021\csc8503\csc8503common\x64\debug\csc8503common.tlog\cl.command.1.tlog
c:\files\university\technologies\8503-release-2021\csc8503\csc8503common\x64\debug\csc8503common.tlog\cl.read.1.tlog
c:\files\university\technologies\8503-release-2021\csc8503\csc8503common\x64\debug\csc8503common.tlog\cl.write.1.tlog
c:\files\university\technologies\8503-release-2021\csc8503\csc8503common\x64\debug\csc8503common.tlog\lib-link.read.1.tlog
c:\files\university\technologies\8503-release-2021\csc8503\csc8503common\x64\debug\csc8503common.tlog\lib-link.write.1.tlog
c:\files\university\technologies\8503-release-2021\csc8503\csc8503common\x64\debug\csc8503common.tlog\lib.command.1.tlog
